2017/03/22 22:25:41 [error] [exception.CHttpException.404] exception 'CHttpException' with message 'The system is unable to find the requested action "register".' in /var/www/html/yii/framework/web/CController.php:483
Stack trace:
#0 /var/www/html/yii/framework/web/CController.php(270): CController->missingAction('register')
#1 /var/www/html/yii/framework/web/CWebApplication.php(282): CController->run('register')
#2 /var/www/html/yii/framework/web/CWebApplication.php(141): CWebApplication->runController('site/register')
#3 /var/www/html/yii/framework/base/CApplication.php(185): CWebApplication->processRequest()
#4 /var/www/html/nandoyii/index.php(13): CApplication->run()
#5 {main}
REQUEST_URI=/nandoyii/index.php/site/register
---
2017/03/22 22:26:17 [error] [exception.CHttpException.404] exception 'CHttpException' with message 'The system is unable to find the requested action "regiseter".' in /var/www/html/yii/framework/web/CController.php:483
Stack trace:
#0 /var/www/html/yii/framework/web/CController.php(270): CController->missingAction('regiseter')
#1 /var/www/html/yii/framework/web/CWebApplication.php(282): CController->run('regiseter')
#2 /var/www/html/yii/framework/web/CWebApplication.php(141): CWebApplication->runController('site/regiseter')
#3 /var/www/html/yii/framework/base/CApplication.php(185): CWebApplication->processRequest()
#4 /var/www/html/nandoyii/index.php(13): CApplication->run()
#5 {main}
REQUEST_URI=/nandoyii/index.php/site/regiseter
---
2017/03/22 22:26:21 [error] [exception.CHttpException.404] exception 'CHttpException' with message 'The system is unable to find the requested action "register".' in /var/www/html/yii/framework/web/CController.php:483
Stack trace:
#0 /var/www/html/yii/framework/web/CController.php(270): CController->missingAction('register')
#1 /var/www/html/yii/framework/web/CWebApplication.php(282): CController->run('register')
#2 /var/www/html/yii/framework/web/CWebApplication.php(141): CWebApplication->runController('site/register')
#3 /var/www/html/yii/framework/base/CApplication.php(185): CWebApplication->processRequest()
#4 /var/www/html/nandoyii/index.php(13): CApplication->run()
#5 {main}
REQUEST_URI=/nandoyii/index.php/site/register
---
2017/03/22 22:26:35 [error] [exception.CHttpException.404] exception 'CHttpException' with message 'Unable to resolve the request "user".' in /var/www/html/yii/framework/web/CWebApplication.php:286
Stack trace:
#0 /var/www/html/yii/framework/web/CWebApplication.php(141): CWebApplication->runController('user')
#1 /var/www/html/yii/framework/base/CApplication.php(185): CWebApplication->processRequest()
#2 /var/www/html/nandoyii/index.php(13): CApplication->run()
#3 {main}
REQUEST_URI=/nandoyii/index.php/user
---
2017/03/26 16:17:38 [error] [exception.CHttpException.404] exception 'CHttpException' with message 'Unable to resolve the request "users/index".' in /var/www/html/yii/framework/web/CWebApplication.php:286
Stack trace:
#0 /var/www/html/yii/framework/web/CWebApplication.php(141): CWebApplication->runController('users/index')
#1 /var/www/html/yii/framework/base/CApplication.php(185): CWebApplication->processRequest()
#2 /var/www/html/nandoyii/index.php(13): CApplication->run()
#3 {main}
REQUEST_URI=/nandoyii/index.php/users/index
HTTP_REFERER=http://localhost/nandoyii/index.php
---
2017/03/26 16:18:19 [error] [exception.CHttpException.404] exception 'CHttpException' with message 'Unable to resolve the request "users/index".' in /var/www/html/yii/framework/web/CWebApplication.php:286
Stack trace:
#0 /var/www/html/yii/framework/web/CWebApplication.php(141): CWebApplication->runController('users/index')
#1 /var/www/html/yii/framework/base/CApplication.php(185): CWebApplication->processRequest()
#2 /var/www/html/nandoyii/index.php(13): CApplication->run()
#3 {main}
REQUEST_URI=/nandoyii/index.php/users/index
HTTP_REFERER=http://localhost/nandoyii/index.php
---
2017/03/26 16:22:10 [error] [exception.CException] exception 'CException' with message 'User and its behaviors do not have a method or closure named "check".' in /var/www/html/yii/framework/base/CComponent.php:266
Stack trace:
#0 /var/www/html/yii/framework/db/ar/CActiveRecord.php(227): CComponent->__call('check', Array)
#1 /var/www/html/nandoyii/protected/components/UserIdentity.php(27): CActiveRecord->__call('check', Array)
#2 /var/www/html/nandoyii/protected/components/UserIdentity.php(27): User->check('yyy')
#3 /var/www/html/nandoyii/protected/models/LoginForm.php(52): UserIdentity->authenticate()
#4 /var/www/html/yii/framework/validators/CInlineValidator.php(42): LoginForm->authenticate('password', Array)
#5 /var/www/html/yii/framework/validators/CValidator.php(201): CInlineValidator->validateAttribute(Object(LoginForm), 'password')
#6 /var/www/html/yii/framework/base/CModel.php(159): CValidator->validate(Object(LoginForm), NULL)
#7 /var/www/html/nandoyii/protected/controllers/SiteController.php(94): CModel->validate()
#8 /var/www/html/yii/framework/web/actions/CInlineAction.php(49): SiteController->actionLogin()
#9 /var/www/html/yii/framework/web/CController.php(308): CInlineAction->runWithParams(Array)
#10 /var/www/html/yii/framework/web/CController.php(286): CController->runAction(Object(CInlineAction))
#11 /var/www/html/yii/framework/web/CController.php(265): CController->runActionWithFilters(Object(CInlineAction), Array)
#12 /var/www/html/yii/framework/web/CWebApplication.php(282): CController->run('login')
#13 /var/www/html/yii/framework/web/CWebApplication.php(141): CWebApplication->runController('site/login')
#14 /var/www/html/yii/framework/base/CApplication.php(185): CWebApplication->processRequest()
#15 /var/www/html/nandoyii/index.php(13): CApplication->run()
#16 {main}
REQUEST_URI=/nandoyii/index.php/site/login
HTTP_REFERER=http://localhost/nandoyii/index.php/site/login
---
2017/03/26 16:27:45 [error] [exception.CException] exception 'CException' with message 'User and its behaviors do not have a method or closure named "authenticate".' in /var/www/html/yii/framework/base/CComponent.php:266
Stack trace:
#0 /var/www/html/yii/framework/db/ar/CActiveRecord.php(227): CComponent->__call('authenticate', Array)
#1 /var/www/html/nandoyii/protected/components/UserIdentity.php(27): CActiveRecord->__call('authenticate', Array)
#2 /var/www/html/nandoyii/protected/components/UserIdentity.php(27): User->authenticate('yyy')
#3 /var/www/html/nandoyii/protected/models/LoginForm.php(52): UserIdentity->authenticate()
#4 /var/www/html/yii/framework/validators/CInlineValidator.php(42): LoginForm->authenticate('password', Array)
#5 /var/www/html/yii/framework/validators/CValidator.php(201): CInlineValidator->validateAttribute(Object(LoginForm), 'password')
#6 /var/www/html/yii/framework/base/CModel.php(159): CValidator->validate(Object(LoginForm), NULL)
#7 /var/www/html/nandoyii/protected/controllers/SiteController.php(94): CModel->validate()
#8 /var/www/html/yii/framework/web/actions/CInlineAction.php(49): SiteController->actionLogin()
#9 /var/www/html/yii/framework/web/CController.php(308): CInlineAction->runWithParams(Array)
#10 /var/www/html/yii/framework/web/CController.php(286): CController->runAction(Object(CInlineAction))
#11 /var/www/html/yii/framework/web/CController.php(265): CController->runActionWithFilters(Object(CInlineAction), Array)
#12 /var/www/html/yii/framework/web/CWebApplication.php(282): CController->run('login')
#13 /var/www/html/yii/framework/web/CWebApplication.php(141): CWebApplication->runController('site/login')
#14 /var/www/html/yii/framework/base/CApplication.php(185): CWebApplication->processRequest()
#15 /var/www/html/nandoyii/index.php(13): CApplication->run()
#16 {main}
REQUEST_URI=/nandoyii/index.php/site/login
HTTP_REFERER=http://localhost/nandoyii/index.php/site/login
---
2017/03/26 16:28:18 [error] [exception.CException] exception 'CException' with message 'User and its behaviors do not have a method or closure named "record".' in /var/www/html/yii/framework/base/CComponent.php:266
Stack trace:
#0 /var/www/html/yii/framework/db/ar/CActiveRecord.php(227): CComponent->__call('record', Array)
#1 /var/www/html/nandoyii/protected/components/UserIdentity.php(27): CActiveRecord->__call('record', Array)
#2 /var/www/html/nandoyii/protected/components/UserIdentity.php(27): User->record('yyy')
#3 /var/www/html/nandoyii/protected/models/LoginForm.php(52): UserIdentity->authenticate()
#4 /var/www/html/yii/framework/validators/CInlineValidator.php(42): LoginForm->authenticate('password', Array)
#5 /var/www/html/yii/framework/validators/CValidator.php(201): CInlineValidator->validateAttribute(Object(LoginForm), 'password')
#6 /var/www/html/yii/framework/base/CModel.php(159): CValidator->validate(Object(LoginForm), NULL)
#7 /var/www/html/nandoyii/protected/controllers/SiteController.php(94): CModel->validate()
#8 /var/www/html/yii/framework/web/actions/CInlineAction.php(49): SiteController->actionLogin()
#9 /var/www/html/yii/framework/web/CController.php(308): CInlineAction->runWithParams(Array)
#10 /var/www/html/yii/framework/web/CController.php(286): CController->runAction(Object(CInlineAction))
#11 /var/www/html/yii/framework/web/CController.php(265): CController->runActionWithFilters(Object(CInlineAction), Array)
#12 /var/www/html/yii/framework/web/CWebApplication.php(282): CController->run('login')
#13 /var/www/html/yii/framework/web/CWebApplication.php(141): CWebApplication->runController('site/login')
#14 /var/www/html/yii/framework/base/CApplication.php(185): CWebApplication->processRequest()
#15 /var/www/html/nandoyii/index.php(13): CApplication->run()
#16 {main}
REQUEST_URI=/nandoyii/index.php/site/login
HTTP_REFERER=http://localhost/nandoyii/index.php/site/login
---
2017/03/26 16:29:24 [error] [exception.CException] exception 'CException' with message 'User and its behaviors do not have a method or closure named "_identity".' in /var/www/html/yii/framework/base/CComponent.php:266
Stack trace:
#0 /var/www/html/yii/framework/db/ar/CActiveRecord.php(227): CComponent->__call('_identity', Array)
#1 /var/www/html/nandoyii/protected/components/UserIdentity.php(27): CActiveRecord->__call('_identity', Array)
#2 /var/www/html/nandoyii/protected/components/UserIdentity.php(27): User->_identity('yyy')
#3 /var/www/html/nandoyii/protected/models/LoginForm.php(52): UserIdentity->authenticate()
#4 /var/www/html/yii/framework/validators/CInlineValidator.php(42): LoginForm->authenticate('password', Array)
#5 /var/www/html/yii/framework/validators/CValidator.php(201): CInlineValidator->validateAttribute(Object(LoginForm), 'password')
#6 /var/www/html/yii/framework/base/CModel.php(159): CValidator->validate(Object(LoginForm), NULL)
#7 /var/www/html/nandoyii/protected/controllers/SiteController.php(94): CModel->validate()
#8 /var/www/html/yii/framework/web/actions/CInlineAction.php(49): SiteController->actionLogin()
#9 /var/www/html/yii/framework/web/CController.php(308): CInlineAction->runWithParams(Array)
#10 /var/www/html/yii/framework/web/CController.php(286): CController->runAction(Object(CInlineAction))
#11 /var/www/html/yii/framework/web/CController.php(265): CController->runActionWithFilters(Object(CInlineAction), Array)
#12 /var/www/html/yii/framework/web/CWebApplication.php(282): CController->run('login')
#13 /var/www/html/yii/framework/web/CWebApplication.php(141): CWebApplication->runController('site/login')
#14 /var/www/html/yii/framework/base/CApplication.php(185): CWebApplication->processRequest()
#15 /var/www/html/nandoyii/index.php(13): CApplication->run()
#16 {main}
REQUEST_URI=/nandoyii/index.php/site/login
HTTP_REFERER=http://localhost/nandoyii/index.php/site/login
---
2017/03/26 16:51:54 [error] [exception.CHttpException.404] exception 'CHttpException' with message 'The system is unable to find the requested action "register".' in /var/www/html/yii/framework/web/CController.php:483
Stack trace:
#0 /var/www/html/yii/framework/web/CController.php(270): CController->missingAction('register')
#1 /var/www/html/yii/framework/web/CWebApplication.php(282): CController->run('register')
#2 /var/www/html/yii/framework/web/CWebApplication.php(141): CWebApplication->runController('site/register')
#3 /var/www/html/yii/framework/base/CApplication.php(185): CWebApplication->processRequest()
#4 /var/www/html/nandoyii/index.php(13): CApplication->run()
#5 {main}
REQUEST_URI=/nandoyii/index.php/site/register
HTTP_REFERER=http://localhost/nandoyii/index.php
---
2017/03/26 17:01:07 [error] [exception.CException] exception 'CException' with message 'User and its behaviors do not have a method or closure named "check".' in /var/www/html/yii/framework/base/CComponent.php:266
Stack trace:
#0 /var/www/html/yii/framework/db/ar/CActiveRecord.php(227): CComponent->__call('check', Array)
#1 /var/www/html/nandoyii/protected/components/UserIdentity.php(27): CActiveRecord->__call('check', Array)
#2 /var/www/html/nandoyii/protected/components/UserIdentity.php(27): User->check('admin')
#3 /var/www/html/nandoyii/protected/models/LoginForm.php(52): UserIdentity->authenticate()
#4 /var/www/html/yii/framework/validators/CInlineValidator.php(42): LoginForm->authenticate('password', Array)
#5 /var/www/html/yii/framework/validators/CValidator.php(201): CInlineValidator->validateAttribute(Object(LoginForm), 'password')
#6 /var/www/html/yii/framework/base/CModel.php(159): CValidator->validate(Object(LoginForm), NULL)
#7 /var/www/html/nandoyii/protected/controllers/SiteController.php(94): CModel->validate()
#8 /var/www/html/yii/framework/web/actions/CInlineAction.php(49): SiteController->actionLogin()
#9 /var/www/html/yii/framework/web/CController.php(308): CInlineAction->runWithParams(Array)
#10 /var/www/html/yii/framework/web/CController.php(286): CController->runAction(Object(CInlineAction))
#11 /var/www/html/yii/framework/web/CController.php(265): CController->runActionWithFilters(Object(CInlineAction), Array)
#12 /var/www/html/yii/framework/web/CWebApplication.php(282): CController->run('login')
#13 /var/www/html/yii/framework/web/CWebApplication.php(141): CWebApplication->runController('site/login')
#14 /var/www/html/yii/framework/base/CApplication.php(185): CWebApplication->processRequest()
#15 /var/www/html/nandoyii/index.php(13): CApplication->run()
#16 {main}
REQUEST_URI=/nandoyii/index.php/site/login
HTTP_REFERER=http://localhost/nandoyii/index.php/site/login
---
2017/03/26 17:15:17 [error] [exception.CException] exception 'CException' with message 'Property "CWebUser.admin" is not defined.' in /var/www/html/yii/framework/base/CComponent.php:130
Stack trace:
#0 /var/www/html/yii/framework/web/auth/CWebUser.php(146): CComponent->__get('admin')
#1 /var/www/html/nandoyii/protected/views/layouts/main.php(35): CWebUser->__get('admin')
#2 /var/www/html/yii/framework/web/CBaseController.php(126): require('/var/www/html/n...')
#3 /var/www/html/yii/framework/web/CBaseController.php(95): CBaseController->renderInternal('/var/www/html/n...', Array, true)
#4 /var/www/html/yii/framework/web/widgets/CContentDecorator.php(76): CBaseController->renderFile('/var/www/html/n...', Array, true)
#5 /var/www/html/yii/framework/web/widgets/CContentDecorator.php(54): CContentDecorator->decorate('<div id="conten...')
#6 /var/www/html/yii/framework/web/widgets/COutputProcessor.php(44): CContentDecorator->processOutput('<div id="conten...')
#7 /var/www/html/yii/framework/web/CBaseController.php(214): COutputProcessor->run()
#8 /var/www/html/yii/framework/web/CBaseController.php(308): CBaseController->endWidget('CContentDecorat...')
#9 /var/www/html/nandoyii/protected/views/layouts/column1.php(6): CBaseController->endContent()
#10 /var/www/html/yii/framework/web/CBaseController.php(126): require('/var/www/html/n...')
#11 /var/www/html/yii/framework/web/CBaseController.php(95): CBaseController->renderInternal('/var/www/html/n...', Array, true)
#12 /var/www/html/yii/framework/web/CController.php(784): CBaseController->renderFile('/var/www/html/n...', Array, true)
#13 /var/www/html/nandoyii/protected/controllers/SiteController.php(98): CController->render('login', Array)
#14 /var/www/html/yii/framework/web/actions/CInlineAction.php(49): SiteController->actionLogin()
#15 /var/www/html/yii/framework/web/CController.php(308): CInlineAction->runWithParams(Array)
#16 /var/www/html/yii/framework/web/CController.php(286): CController->runAction(Object(CInlineAction))
#17 /var/www/html/yii/framework/web/CController.php(265): CController->runActionWithFilters(Object(CInlineAction), Array)
#18 /var/www/html/yii/framework/web/CWebApplication.php(282): CController->run('login')
#19 /var/www/html/yii/framework/web/CWebApplication.php(141): CWebApplication->runController('site/login')
#20 /var/www/html/yii/framework/base/CApplication.php(185): CWebApplication->processRequest()
#21 /var/www/html/nandoyii/index.php(13): CApplication->run()
#22 {main}
REQUEST_URI=/nandoyii/index.php/site/login
HTTP_REFERER=http://localhost/nandoyii/index.php
---
2017/03/26 17:15:19 [error] [exception.CException] exception 'CException' with message 'Property "CWebUser.admin" is not defined.' in /var/www/html/yii/framework/base/CComponent.php:130
Stack trace:
#0 /var/www/html/yii/framework/web/auth/CWebUser.php(146): CComponent->__get('admin')
#1 /var/www/html/nandoyii/protected/views/layouts/main.php(35): CWebUser->__get('admin')
#2 /var/www/html/yii/framework/web/CBaseController.php(126): require('/var/www/html/n...')
#3 /var/www/html/yii/framework/web/CBaseController.php(95): CBaseController->renderInternal('/var/www/html/n...', Array, true)
#4 /var/www/html/yii/framework/web/widgets/CContentDecorator.php(76): CBaseController->renderFile('/var/www/html/n...', Array, true)
#5 /var/www/html/yii/framework/web/widgets/CContentDecorator.php(54): CContentDecorator->decorate('<div id="conten...')
#6 /var/www/html/yii/framework/web/widgets/COutputProcessor.php(44): CContentDecorator->processOutput('<div id="conten...')
#7 /var/www/html/yii/framework/web/CBaseController.php(214): COutputProcessor->run()
#8 /var/www/html/yii/framework/web/CBaseController.php(308): CBaseController->endWidget('CContentDecorat...')
#9 /var/www/html/nandoyii/protected/views/layouts/column1.php(6): CBaseController->endContent()
#10 /var/www/html/yii/framework/web/CBaseController.php(126): require('/var/www/html/n...')
#11 /var/www/html/yii/framework/web/CBaseController.php(95): CBaseController->renderInternal('/var/www/html/n...', Array, true)
#12 /var/www/html/yii/framework/web/CController.php(784): CBaseController->renderFile('/var/www/html/n...', Array, true)
#13 /var/www/html/nandoyii/protected/controllers/SiteController.php(98): CController->render('login', Array)
#14 /var/www/html/yii/framework/web/actions/CInlineAction.php(49): SiteController->actionLogin()
#15 /var/www/html/yii/framework/web/CController.php(308): CInlineAction->runWithParams(Array)
#16 /var/www/html/yii/framework/web/CController.php(286): CController->runAction(Object(CInlineAction))
#17 /var/www/html/yii/framework/web/CController.php(265): CController->runActionWithFilters(Object(CInlineAction), Array)
#18 /var/www/html/yii/framework/web/CWebApplication.php(282): CController->run('login')
#19 /var/www/html/yii/framework/web/CWebApplication.php(141): CWebApplication->runController('site/login')
#20 /var/www/html/yii/framework/base/CApplication.php(185): CWebApplication->processRequest()
#21 /var/www/html/nandoyii/index.php(13): CApplication->run()
#22 {main}
REQUEST_URI=/nandoyii/index.php/site/login
HTTP_REFERER=http://localhost/nandoyii/index.php
---
2017/03/26 17:15:21 [error] [exception.CException] exception 'CException' with message 'Property "CWebUser.admin" is not defined.' in /var/www/html/yii/framework/base/CComponent.php:130
Stack trace:
#0 /var/www/html/yii/framework/web/auth/CWebUser.php(146): CComponent->__get('admin')
#1 /var/www/html/nandoyii/protected/views/layouts/main.php(35): CWebUser->__get('admin')
#2 /var/www/html/yii/framework/web/CBaseController.php(126): require('/var/www/html/n...')
#3 /var/www/html/yii/framework/web/CBaseController.php(95): CBaseController->renderInternal('/var/www/html/n...', Array, true)
#4 /var/www/html/yii/framework/web/widgets/CContentDecorator.php(76): CBaseController->renderFile('/var/www/html/n...', Array, true)
#5 /var/www/html/yii/framework/web/widgets/CContentDecorator.php(54): CContentDecorator->decorate('<div id="conten...')
#6 /var/www/html/yii/framework/web/widgets/COutputProcessor.php(44): CContentDecorator->processOutput('<div id="conten...')
#7 /var/www/html/yii/framework/web/CBaseController.php(214): COutputProcessor->run()
#8 /var/www/html/yii/framework/web/CBaseController.php(308): CBaseController->endWidget('CContentDecorat...')
#9 /var/www/html/nandoyii/protected/views/layouts/column1.php(6): CBaseController->endContent()
#10 /var/www/html/yii/framework/web/CBaseController.php(126): require('/var/www/html/n...')
#11 /var/www/html/yii/framework/web/CBaseController.php(95): CBaseController->renderInternal('/var/www/html/n...', Array, true)
#12 /var/www/html/yii/framework/web/CController.php(784): CBaseController->renderFile('/var/www/html/n...', Array, true)
#13 /var/www/html/nandoyii/protected/controllers/SiteController.php(98): CController->render('login', Array)
#14 /var/www/html/yii/framework/web/actions/CInlineAction.php(49): SiteController->actionLogin()
#15 /var/www/html/yii/framework/web/CController.php(308): CInlineAction->runWithParams(Array)
#16 /var/www/html/yii/framework/web/CController.php(286): CController->runAction(Object(CInlineAction))
#17 /var/www/html/yii/framework/web/CController.php(265): CController->runActionWithFilters(Object(CInlineAction), Array)
#18 /var/www/html/yii/framework/web/CWebApplication.php(282): CController->run('login')
#19 /var/www/html/yii/framework/web/CWebApplication.php(141): CWebApplication->runController('site/login')
#20 /var/www/html/yii/framework/base/CApplication.php(185): CWebApplication->processRequest()
#21 /var/www/html/nandoyii/index.php(13): CApplication->run()
#22 {main}
REQUEST_URI=/nandoyii/index.php/site/login
HTTP_REFERER=http://localhost/nandoyii/index.php
---
2017/03/26 17:17:22 [error] [exception.CException] exception 'CException' with message 'Property "CWebUser.isAdmin" is not defined.' in /var/www/html/yii/framework/base/CComponent.php:130
Stack trace:
#0 /var/www/html/yii/framework/web/auth/CWebUser.php(146): CComponent->__get('isAdmin')
#1 /var/www/html/nandoyii/protected/views/layouts/main.php(35): CWebUser->__get('isAdmin')
#2 /var/www/html/yii/framework/web/CBaseController.php(126): require('/var/www/html/n...')
#3 /var/www/html/yii/framework/web/CBaseController.php(95): CBaseController->renderInternal('/var/www/html/n...', Array, true)
#4 /var/www/html/yii/framework/web/widgets/CContentDecorator.php(76): CBaseController->renderFile('/var/www/html/n...', Array, true)
#5 /var/www/html/yii/framework/web/widgets/CContentDecorator.php(54): CContentDecorator->decorate('<div id="conten...')
#6 /var/www/html/yii/framework/web/widgets/COutputProcessor.php(44): CContentDecorator->processOutput('<div id="conten...')
#7 /var/www/html/yii/framework/web/CBaseController.php(214): COutputProcessor->run()
#8 /var/www/html/yii/framework/web/CBaseController.php(308): CBaseController->endWidget('CContentDecorat...')
#9 /var/www/html/nandoyii/protected/views/layouts/column1.php(6): CBaseController->endContent()
#10 /var/www/html/yii/framework/web/CBaseController.php(126): require('/var/www/html/n...')
#11 /var/www/html/yii/framework/web/CBaseController.php(95): CBaseController->renderInternal('/var/www/html/n...', Array, true)
#12 /var/www/html/yii/framework/web/CController.php(784): CBaseController->renderFile('/var/www/html/n...', Array, true)
#13 /var/www/html/nandoyii/protected/controllers/SiteController.php(98): CController->render('login', Array)
#14 /var/www/html/yii/framework/web/actions/CInlineAction.php(49): SiteController->actionLogin()
#15 /var/www/html/yii/framework/web/CController.php(308): CInlineAction->runWithParams(Array)
#16 /var/www/html/yii/framework/web/CController.php(286): CController->runAction(Object(CInlineAction))
#17 /var/www/html/yii/framework/web/CController.php(265): CController->runActionWithFilters(Object(CInlineAction), Array)
#18 /var/www/html/yii/framework/web/CWebApplication.php(282): CController->run('login')
#19 /var/www/html/yii/framework/web/CWebApplication.php(141): CWebApplication->runController('site/login')
#20 /var/www/html/yii/framework/base/CApplication.php(185): CWebApplication->processRequest()
#21 /var/www/html/nandoyii/index.php(13): CApplication->run()
#22 {main}
REQUEST_URI=/nandoyii/index.php/site/login
HTTP_REFERER=http://localhost/nandoyii/index.php
---
2017/03/26 17:20:10 [error] [exception.CHttpException.404] exception 'CHttpException' with message 'The system is unable to find the requested action "create".' in /var/www/html/yii/framework/web/CController.php:483
Stack trace:
#0 /var/www/html/yii/framework/web/CController.php(270): CController->missingAction('create')
#1 /var/www/html/yii/framework/web/CWebApplication.php(282): CController->run('create')
#2 /var/www/html/yii/framework/web/CWebApplication.php(141): CWebApplication->runController('user/create')
#3 /var/www/html/yii/framework/base/CApplication.php(185): CWebApplication->processRequest()
#4 /var/www/html/nandoyii/index.php(13): CApplication->run()
#5 {main}
REQUEST_URI=/nandoyii/index.php/user/create
---
2017/03/26 17:42:13 [error] [php] Illegal offset type (/var/www/html/nandoyii/protected/components/UserIdentity.php:22)
Stack trace:
#0 /var/www/html/yii/framework/validators/CValidator.php(201): CInlineValidator->validateAttribute()
#1 /var/www/html/yii/framework/base/CModel.php(159): CInlineValidator->validate()
#2 /var/www/html/nandoyii/protected/controllers/SiteController.php(94): LoginForm->validate()
#3 /var/www/html/yii/framework/web/actions/CInlineAction.php(49): SiteController->actionLogin()
#4 /var/www/html/yii/framework/web/CController.php(308): CInlineAction->runWithParams()
#5 /var/www/html/yii/framework/web/CController.php(286): SiteController->runAction()
#6 /var/www/html/yii/framework/web/CController.php(265): SiteController->runActionWithFilters()
#7 /var/www/html/yii/framework/web/CWebApplication.php(282): SiteController->run()
#8 /var/www/html/yii/framework/web/CWebApplication.php(141): CWebApplication->runController()
#9 /var/www/html/yii/framework/base/CApplication.php(185): CWebApplication->processRequest()
#10 /var/www/html/nandoyii/index.php(13): CWebApplication->run()
REQUEST_URI=/nandoyii/index.php/site/login
in /var/www/html/nandoyii/protected/components/UserIdentity.php (22)
in /var/www/html/nandoyii/protected/models/LoginForm.php (52)
in /var/www/html/nandoyii/protected/controllers/SiteController.php (94)
2017/03/26 17:49:39 [error] [exception.CException] exception 'CException' with message 'User and its behaviors do not have a method or closure named "check".' in /var/www/html/yii/framework/base/CComponent.php:266
Stack trace:
#0 /var/www/html/yii/framework/db/ar/CActiveRecord.php(227): CComponent->__call('check', Array)
#1 /var/www/html/nandoyii/protected/components/UserIdentity.php(27): CActiveRecord->__call('check', Array)
#2 /var/www/html/nandoyii/protected/components/UserIdentity.php(27): User->check('yyy')
#3 /var/www/html/nandoyii/protected/models/LoginForm.php(52): UserIdentity->authenticate()
#4 /var/www/html/yii/framework/validators/CInlineValidator.php(42): LoginForm->authenticate('password', Array)
#5 /var/www/html/yii/framework/validators/CValidator.php(201): CInlineValidator->validateAttribute(Object(LoginForm), 'password')
#6 /var/www/html/yii/framework/base/CModel.php(159): CValidator->validate(Object(LoginForm), NULL)
#7 /var/www/html/nandoyii/protected/controllers/SiteController.php(94): CModel->validate()
#8 /var/www/html/yii/framework/web/actions/CInlineAction.php(49): SiteController->actionLogin()
#9 /var/www/html/yii/framework/web/CController.php(308): CInlineAction->runWithParams(Array)
#10 /var/www/html/yii/framework/web/CController.php(286): CController->runAction(Object(CInlineAction))
#11 /var/www/html/yii/framework/web/CController.php(265): CController->runActionWithFilters(Object(CInlineAction), Array)
#12 /var/www/html/yii/framework/web/CWebApplication.php(282): CController->run('login')
#13 /var/www/html/yii/framework/web/CWebApplication.php(141): CWebApplication->runController('site/login')
#14 /var/www/html/yii/framework/base/CApplication.php(185): CWebApplication->processRequest()
#15 /var/www/html/nandoyii/index.php(13): CApplication->run()
#16 {main}
REQUEST_URI=/nandoyii/index.php/site/login
HTTP_REFERER=http://localhost/nandoyii/index.php/site/login
---
2017/03/26 17:54:32 [error] [exception.CException] exception 'CException' with message 'User and its behaviors do not have a method or closure named "check".' in /var/www/html/yii/framework/base/CComponent.php:266
Stack trace:
#0 /var/www/html/yii/framework/db/ar/CActiveRecord.php(227): CComponent->__call('check', Array)
#1 /var/www/html/nandoyii/protected/components/UserIdentity.php(27): CActiveRecord->__call('check', Array)
#2 /var/www/html/nandoyii/protected/components/UserIdentity.php(27): User->check('yyy')
#3 /var/www/html/nandoyii/protected/models/LoginForm.php(52): UserIdentity->authenticate()
#4 /var/www/html/yii/framework/validators/CInlineValidator.php(42): LoginForm->authenticate('password', Array)
#5 /var/www/html/yii/framework/validators/CValidator.php(201): CInlineValidator->validateAttribute(Object(LoginForm), 'password')
#6 /var/www/html/yii/framework/base/CModel.php(159): CValidator->validate(Object(LoginForm), NULL)
#7 /var/www/html/nandoyii/protected/controllers/SiteController.php(94): CModel->validate()
#8 /var/www/html/yii/framework/web/actions/CInlineAction.php(49): SiteController->actionLogin()
#9 /var/www/html/yii/framework/web/CController.php(308): CInlineAction->runWithParams(Array)
#10 /var/www/html/yii/framework/web/CController.php(286): CController->runAction(Object(CInlineAction))
#11 /var/www/html/yii/framework/web/CController.php(265): CController->runActionWithFilters(Object(CInlineAction), Array)
#12 /var/www/html/yii/framework/web/CWebApplication.php(282): CController->run('login')
#13 /var/www/html/yii/framework/web/CWebApplication.php(141): CWebApplication->runController('site/login')
#14 /var/www/html/yii/framework/base/CApplication.php(185): CWebApplication->processRequest()
#15 /var/www/html/nandoyii/index.php(13): CApplication->run()
#16 {main}
REQUEST_URI=/nandoyii/index.php/site/login
HTTP_REFERER=http://localhost/nandoyii/index.php/site/login
---
2017/03/26 17:56:53 [error] [exception.CException] exception 'CException' with message 'Property "User.yyy" is not defined.' in /var/www/html/yii/framework/base/CComponent.php:130
Stack trace:
#0 /var/www/html/yii/framework/db/ar/CActiveRecord.php(145): CComponent->__get('yyy')
#1 /var/www/html/yii/framework/base/CModel.php(596): CActiveRecord->__get('yyy')
#2 /var/www/html/nandoyii/protected/components/UserIdentity.php(27): CModel->offsetGet('yyy')
#3 /var/www/html/nandoyii/protected/models/LoginForm.php(52): UserIdentity->authenticate()
#4 /var/www/html/yii/framework/validators/CInlineValidator.php(42): LoginForm->authenticate('password', Array)
#5 /var/www/html/yii/framework/validators/CValidator.php(201): CInlineValidator->validateAttribute(Object(LoginForm), 'password')
#6 /var/www/html/yii/framework/base/CModel.php(159): CValidator->validate(Object(LoginForm), NULL)
#7 /var/www/html/nandoyii/protected/controllers/SiteController.php(94): CModel->validate()
#8 /var/www/html/yii/framework/web/actions/CInlineAction.php(49): SiteController->actionLogin()
#9 /var/www/html/yii/framework/web/CController.php(308): CInlineAction->runWithParams(Array)
#10 /var/www/html/yii/framework/web/CController.php(286): CController->runAction(Object(CInlineAction))
#11 /var/www/html/yii/framework/web/CController.php(265): CController->runActionWithFilters(Object(CInlineAction), Array)
#12 /var/www/html/yii/framework/web/CWebApplication.php(282): CController->run('login')
#13 /var/www/html/yii/framework/web/CWebApplication.php(141): CWebApplication->runController('site/login')
#14 /var/www/html/yii/framework/base/CApplication.php(185): CWebApplication->processRequest()
#15 /var/www/html/nandoyii/index.php(13): CApplication->run()
#16 {main}
REQUEST_URI=/nandoyii/index.php/site/login
HTTP_REFERER=http://localhost/nandoyii/index.php/site/login
---
2017/03/26 18:07:00 [error] [exception.CHttpException.403] exception 'CHttpException' with message 'You are not authorized to perform this action.' in /var/www/html/yii/framework/web/auth/CAccessControlFilter.php:182
Stack trace:
#0 /var/www/html/yii/framework/web/auth/CAccessControlFilter.php(145): CAccessControlFilter->accessDenied(Object(CWebUser), 'You are not aut...')
#1 /var/www/html/yii/framework/web/filters/CFilter.php(38): CAccessControlFilter->preFilter(Object(CFilterChain))
#2 /var/www/html/yii/framework/web/CController.php(1145): CFilter->filter(Object(CFilterChain))
#3 /var/www/html/yii/framework/web/filters/CInlineFilter.php(58): CController->filterAccessControl(Object(CFilterChain))
#4 /var/www/html/yii/framework/web/filters/CFilterChain.php(130): CInlineFilter->filter(Object(CFilterChain))
#5 /var/www/html/yii/framework/web/CController.php(291): CFilterChain->run()
#6 /var/www/html/yii/framework/web/CController.php(265): CController->runActionWithFilters(Object(CInlineAction), Array)
#7 /var/www/html/yii/framework/web/CWebApplication.php(282): CController->run('admin')
#8 /var/www/html/yii/framework/web/CWebApplication.php(141): CWebApplication->runController('user/admin')
#9 /var/www/html/yii/framework/base/CApplication.php(185): CWebApplication->processRequest()
#10 /var/www/html/nandoyii/index.php(13): CApplication->run()
#11 {main}
REQUEST_URI=/nandoyii/index.php/user/admin
HTTP_REFERER=http://localhost/nandoyii/index.php/user/index
---
2017/03/26 18:08:16 [error] [exception.CException] exception 'CException' with message 'CCaptchaValidator.action "captcha" is invalid. Unable to find such an action in the current controller.' in /var/www/html/yii/framework/validators/CCaptchaValidator.php:77
Stack trace:
#0 /var/www/html/yii/framework/validators/CCaptchaValidator.php(49): CCaptchaValidator->getCaptchaAction()
#1 /var/www/html/yii/framework/validators/CValidator.php(201): CCaptchaValidator->validateAttribute(Object(User), 'verifyCode')
#2 /var/www/html/yii/framework/base/CModel.php(159): CValidator->validate(Object(User), NULL)
#3 /var/www/html/yii/framework/db/ar/CActiveRecord.php(808): CModel->validate(NULL)
#4 /var/www/html/nandoyii/protected/controllers/UserController.php(97): CActiveRecord->save()
#5 [internal function]: UserController->actionUpdate('3')
#6 /var/www/html/yii/framework/web/actions/CAction.php(109): ReflectionMethod->invokeArgs(Object(UserController), Array)
#7 /var/www/html/yii/framework/web/actions/CInlineAction.php(47): CAction->runWithParamsInternal(Object(UserController), Object(ReflectionMethod), Array)
#8 /var/www/html/yii/framework/web/CController.php(308): CInlineAction->runWithParams(Array)
#9 /var/www/html/yii/framework/web/filters/CFilterChain.php(133): CController->runAction(Object(CInlineAction))
#10 /var/www/html/yii/framework/web/filters/CFilter.php(40): CFilterChain->run()
#11 /var/www/html/yii/framework/web/CController.php(1145): CFilter->filter(Object(CFilterChain))
#12 /var/www/html/yii/framework/web/filters/CInlineFilter.php(58): CController->filterAccessControl(Object(CFilterChain))
#13 /var/www/html/yii/framework/web/filters/CFilterChain.php(130): CInlineFilter->filter(Object(CFilterChain))
#14 /var/www/html/yii/framework/web/CController.php(291): CFilterChain->run()
#15 /var/www/html/yii/framework/web/CController.php(265): CController->runActionWithFilters(Object(CInlineAction), Array)
#16 /var/www/html/yii/framework/web/CWebApplication.php(282): CController->run('update')
#17 /var/www/html/yii/framework/web/CWebApplication.php(141): CWebApplication->runController('user/update')
#18 /var/www/html/yii/framework/base/CApplication.php(185): CWebApplication->processRequest()
#19 /var/www/html/nandoyii/index.php(13): CApplication->run()
#20 {main}
REQUEST_URI=/nandoyii/index.php/user/update/3
HTTP_REFERER=http://localhost/nandoyii/index.php/user/update/3
---
2017/03/26 18:09:27 [error] [exception.CException] exception 'CException' with message 'CCaptchaValidator.action "captcha" is invalid. Unable to find such an action in the current controller.' in /var/www/html/yii/framework/validators/CCaptchaValidator.php:77
Stack trace:
#0 /var/www/html/yii/framework/validators/CCaptchaValidator.php(49): CCaptchaValidator->getCaptchaAction()
#1 /var/www/html/yii/framework/validators/CValidator.php(201): CCaptchaValidator->validateAttribute(Object(User), 'verifyCode')
#2 /var/www/html/yii/framework/base/CModel.php(159): CValidator->validate(Object(User), NULL)
#3 /var/www/html/yii/framework/db/ar/CActiveRecord.php(808): CModel->validate(NULL)
#4 /var/www/html/nandoyii/protected/controllers/UserController.php(97): CActiveRecord->save()
#5 [internal function]: UserController->actionUpdate('3')
#6 /var/www/html/yii/framework/web/actions/CAction.php(109): ReflectionMethod->invokeArgs(Object(UserController), Array)
#7 /var/www/html/yii/framework/web/actions/CInlineAction.php(47): CAction->runWithParamsInternal(Object(UserController), Object(ReflectionMethod), Array)
#8 /var/www/html/yii/framework/web/CController.php(308): CInlineAction->runWithParams(Array)
#9 /var/www/html/yii/framework/web/filters/CFilterChain.php(133): CController->runAction(Object(CInlineAction))
#10 /var/www/html/yii/framework/web/filters/CFilter.php(40): CFilterChain->run()
#11 /var/www/html/yii/framework/web/CController.php(1145): CFilter->filter(Object(CFilterChain))
#12 /var/www/html/yii/framework/web/filters/CInlineFilter.php(58): CController->filterAccessControl(Object(CFilterChain))
#13 /var/www/html/yii/framework/web/filters/CFilterChain.php(130): CInlineFilter->filter(Object(CFilterChain))
#14 /var/www/html/yii/framework/web/CController.php(291): CFilterChain->run()
#15 /var/www/html/yii/framework/web/CController.php(265): CController->runActionWithFilters(Object(CInlineAction), Array)
#16 /var/www/html/yii/framework/web/CWebApplication.php(282): CController->run('update')
#17 /var/www/html/yii/framework/web/CWebApplication.php(141): CWebApplication->runController('user/update')
#18 /var/www/html/yii/framework/base/CApplication.php(185): CWebApplication->processRequest()
#19 /var/www/html/nandoyii/index.php(13): CApplication->run()
#20 {main}
REQUEST_URI=/nandoyii/index.php/user/update/3
HTTP_REFERER=http://localhost/nandoyii/index.php/user/update/3
---
2017/03/26 18:31:38 [error] [exception.CHttpException.403] exception 'CHttpException' with message 'You are not authorized to perform this action.' in /var/www/html/yii/framework/web/auth/CAccessControlFilter.php:182
Stack trace:
#0 /var/www/html/yii/framework/web/auth/CAccessControlFilter.php(145): CAccessControlFilter->accessDenied(Object(CWebUser), 'You are not aut...')
#1 /var/www/html/yii/framework/web/filters/CFilter.php(38): CAccessControlFilter->preFilter(Object(CFilterChain))
#2 /var/www/html/yii/framework/web/CController.php(1145): CFilter->filter(Object(CFilterChain))
#3 /var/www/html/yii/framework/web/filters/CInlineFilter.php(58): CController->filterAccessControl(Object(CFilterChain))
#4 /var/www/html/yii/framework/web/filters/CFilterChain.php(130): CInlineFilter->filter(Object(CFilterChain))
#5 /var/www/html/yii/framework/web/CController.php(291): CFilterChain->run()
#6 /var/www/html/yii/framework/web/CController.php(265): CController->runActionWithFilters(Object(CInlineAction), Array)
#7 /var/www/html/yii/framework/web/CWebApplication.php(282): CController->run('admin')
#8 /var/www/html/yii/framework/web/CWebApplication.php(141): CWebApplication->runController('member/admin')
#9 /var/www/html/yii/framework/base/CApplication.php(185): CWebApplication->processRequest()
#10 /var/www/html/nandoyii/index.php(13): CApplication->run()
#11 {main}
REQUEST_URI=/nandoyii/index.php/member/admin
HTTP_REFERER=http://localhost/nandoyii/index.php/member/index
---
2017/03/26 19:01:26 [error] [php] Undefined variable: dataProvider (/var/www/html/nandoyii/protected/views/member/index.php:18)
Stack trace:
#0 /var/www/html/yii/framework/web/CController.php(869): MemberController->renderFile()
#1 /var/www/html/yii/framework/web/CController.php(782): MemberController->renderPartial()
#2 /var/www/html/nandoyii/protected/controllers/MemberController.php(42): MemberController->render()
#3 /var/www/html/yii/framework/web/actions/CInlineAction.php(49): MemberController->actionIndexregistration()
#4 /var/www/html/yii/framework/web/CController.php(308): CInlineAction->runWithParams()
#5 /var/www/html/yii/framework/web/CController.php(286): MemberController->runAction()
#6 /var/www/html/yii/framework/web/CController.php(265): MemberController->runActionWithFilters()
#7 /var/www/html/yii/framework/web/CWebApplication.php(282): MemberController->run()
#8 /var/www/html/yii/framework/web/CWebApplication.php(141): CWebApplication->runController()
#9 /var/www/html/yii/framework/base/CApplication.php(185): CWebApplication->processRequest()
#10 /var/www/html/nandoyii/index.php(13): CWebApplication->run()
REQUEST_URI=/nandoyii/index.php/member/indexregistration
in /var/www/html/nandoyii/protected/views/member/index.php (18)
in /var/www/html/nandoyii/protected/controllers/MemberController.php (42)
in /var/www/html/nandoyii/index.php (13)
2017/03/26 19:02:55 [error] [exception.CException] exception 'CException' with message 'Property "Member.verifyCode" is not defined.' in /var/www/html/yii/framework/base/CComponent.php:130
Stack trace:
#0 /var/www/html/yii/framework/db/ar/CActiveRecord.php(145): CComponent->__get('verifyCode')
#1 /var/www/html/yii/framework/web/helpers/CHtml.php(2729): CActiveRecord->__get('verifyCode')
#2 /var/www/html/yii/framework/web/helpers/CHtml.php(2452): CHtml::resolveValue(Object(Member), 'verifyCode')
#3 /var/www/html/yii/framework/web/helpers/CHtml.php(1534): CHtml::activeInputField('text', Object(Member), 'verifyCode', Array)
#4 /var/www/html/yii/framework/web/widgets/CActiveForm.php(792): CHtml::activeTextField(Object(Member), 'verifyCode', Array)
#5 /var/www/html/nandoyii/protected/views/member/indexregistration.php(59): CActiveForm->textField(Object(Member), 'verifyCode')
#6 /var/www/html/yii/framework/web/CBaseController.php(126): require('/var/www/html/n...')
#7 /var/www/html/yii/framework/web/CBaseController.php(95): CBaseController->renderInternal('/var/www/html/n...', Array, true)
#8 /var/www/html/yii/framework/web/CController.php(869): CBaseController->renderFile('/var/www/html/n...', Array, true)
#9 /var/www/html/yii/framework/web/CController.php(782): CController->renderPartial('indexregistrati...', Array, true)
#10 /var/www/html/nandoyii/protected/controllers/MemberController.php(42): CController->render('indexregistrati...', Array)
#11 /var/www/html/yii/framework/web/actions/CInlineAction.php(49): MemberController->actionIndexregistration()
#12 /var/www/html/yii/framework/web/CController.php(308): CInlineAction->runWithParams(Array)
#13 /var/www/html/yii/framework/web/CController.php(286): CController->runAction(Object(CInlineAction))
#14 /var/www/html/yii/framework/web/CController.php(265): CController->runActionWithFilters(Object(CInlineAction), Array)
#15 /var/www/html/yii/framework/web/CWebApplication.php(282): CController->run('indexregistrati...')
#16 /var/www/html/yii/framework/web/CWebApplication.php(141): CWebApplication->runController('member/indexreg...')
#17 /var/www/html/yii/framework/base/CApplication.php(185): CWebApplication->processRequest()
#18 /var/www/html/nandoyii/index.php(13): CApplication->run()
#19 {main}
REQUEST_URI=/nandoyii/index.php/member/indexregistration
HTTP_REFERER=http://localhost/nandoyii/index.php
---
2017/03/26 19:05:33 [error] [exception.CException] exception 'CException' with message 'Property "Member.verifyCode" is not defined.' in /var/www/html/yii/framework/base/CComponent.php:130
Stack trace:
#0 /var/www/html/yii/framework/db/ar/CActiveRecord.php(145): CComponent->__get('verifyCode')
#1 /var/www/html/yii/framework/web/helpers/CHtml.php(2729): CActiveRecord->__get('verifyCode')
#2 /var/www/html/yii/framework/web/helpers/CHtml.php(2452): CHtml::resolveValue(Object(Member), 'verifyCode')
#3 /var/www/html/yii/framework/web/helpers/CHtml.php(1534): CHtml::activeInputField('text', Object(Member), 'verifyCode', Array)
#4 /var/www/html/yii/framework/web/widgets/CActiveForm.php(792): CHtml::activeTextField(Object(Member), 'verifyCode', Array)
#5 /var/www/html/nandoyii/protected/views/member/indexregistration.php(59): CActiveForm->textField(Object(Member), 'verifyCode')
#6 /var/www/html/yii/framework/web/CBaseController.php(126): require('/var/www/html/n...')
#7 /var/www/html/yii/framework/web/CBaseController.php(95): CBaseController->renderInternal('/var/www/html/n...', Array, true)
#8 /var/www/html/yii/framework/web/CController.php(869): CBaseController->renderFile('/var/www/html/n...', Array, true)
#9 /var/www/html/yii/framework/web/CController.php(782): CController->renderPartial('indexregistrati...', Array, true)
#10 /var/www/html/nandoyii/protected/controllers/MemberController.php(42): CController->render('indexregistrati...', Array)
#11 /var/www/html/yii/framework/web/actions/CInlineAction.php(49): MemberController->actionIndexregistration()
#12 /var/www/html/yii/framework/web/CController.php(308): CInlineAction->runWithParams(Array)
#13 /var/www/html/yii/framework/web/CController.php(286): CController->runAction(Object(CInlineAction))
#14 /var/www/html/yii/framework/web/CController.php(265): CController->runActionWithFilters(Object(CInlineAction), Array)
#15 /var/www/html/yii/framework/web/CWebApplication.php(282): CController->run('indexregistrati...')
#16 /var/www/html/yii/framework/web/CWebApplication.php(141): CWebApplication->runController('member/indexreg...')
#17 /var/www/html/yii/framework/base/CApplication.php(185): CWebApplication->processRequest()
#18 /var/www/html/nandoyii/index.php(13): CApplication->run()
#19 {main}
REQUEST_URI=/nandoyii/index.php/member/indexregistration
HTTP_REFERER=http://localhost/nandoyii/index.php
---
2017/03/26 19:05:37 [error] [exception.CHttpException.404] exception 'CHttpException' with message 'The system is unable to find the requested action "index".' in /var/www/html/yii/framework/web/CController.php:483
Stack trace:
#0 /var/www/html/yii/framework/web/CController.php(270): CController->missingAction('')
#1 /var/www/html/yii/framework/web/CWebApplication.php(282): CController->run('')
#2 /var/www/html/yii/framework/web/CWebApplication.php(141): CWebApplication->runController('member')
#3 /var/www/html/yii/framework/base/CApplication.php(185): CWebApplication->processRequest()
#4 /var/www/html/nandoyii/index.php(13): CApplication->run()
#5 {main}
REQUEST_URI=/nandoyii/index.php/member/
---
2017/03/26 19:05:58 [error] [exception.CHttpException.404] exception 'CHttpException' with message 'The system is unable to find the requested action "index".' in /var/www/html/yii/framework/web/CController.php:483
Stack trace:
#0 /var/www/html/yii/framework/web/CController.php(270): CController->missingAction('')
#1 /var/www/html/yii/framework/web/CWebApplication.php(282): CController->run('')
#2 /var/www/html/yii/framework/web/CWebApplication.php(141): CWebApplication->runController('member')
#3 /var/www/html/yii/framework/base/CApplication.php(185): CWebApplication->processRequest()
#4 /var/www/html/nandoyii/index.php(13): CApplication->run()
#5 {main}
REQUEST_URI=/nandoyii/index.php/member
---
2017/03/26 19:11:53 [error] [exception.CException] exception 'CException' with message 'Property "Member.verifyCode" is not defined.' in /var/www/html/yii/framework/base/CComponent.php:130
Stack trace:
#0 /var/www/html/yii/framework/db/ar/CActiveRecord.php(145): CComponent->__get('verifyCode')
#1 /var/www/html/yii/framework/web/helpers/CHtml.php(2729): CActiveRecord->__get('verifyCode')
#2 /var/www/html/yii/framework/web/helpers/CHtml.php(2452): CHtml::resolveValue(Object(Member), 'verifyCode')
#3 /var/www/html/yii/framework/web/helpers/CHtml.php(1534): CHtml::activeInputField('text', Object(Member), 'verifyCode', Array)
#4 /var/www/html/yii/framework/web/widgets/CActiveForm.php(792): CHtml::activeTextField(Object(Member), 'verifyCode', Array)
#5 /var/www/html/nandoyii/protected/views/member/indexregistration.php(59): CActiveForm->textField(Object(Member), 'verifyCode')
#6 /var/www/html/yii/framework/web/CBaseController.php(126): require('/var/www/html/n...')
#7 /var/www/html/yii/framework/web/CBaseController.php(95): CBaseController->renderInternal('/var/www/html/n...', Array, true)
#8 /var/www/html/yii/framework/web/CController.php(869): CBaseController->renderFile('/var/www/html/n...', Array, true)
#9 /var/www/html/yii/framework/web/CController.php(782): CController->renderPartial('indexregistrati...', Array, true)
#10 /var/www/html/nandoyii/protected/controllers/MemberController.php(42): CController->render('indexregistrati...', Array)
#11 /var/www/html/yii/framework/web/actions/CInlineAction.php(49): MemberController->actionIndexregistration()
#12 /var/www/html/yii/framework/web/CController.php(308): CInlineAction->runWithParams(Array)
#13 /var/www/html/yii/framework/web/CController.php(286): CController->runAction(Object(CInlineAction))
#14 /var/www/html/yii/framework/web/CController.php(265): CController->runActionWithFilters(Object(CInlineAction), Array)
#15 /var/www/html/yii/framework/web/CWebApplication.php(282): CController->run('indexregistrati...')
#16 /var/www/html/yii/framework/web/CWebApplication.php(141): CWebApplication->runController('member/indexreg...')
#17 /var/www/html/yii/framework/base/CApplication.php(185): CWebApplication->processRequest()
#18 /var/www/html/nandoyii/index.php(13): CApplication->run()
#19 {main}
REQUEST_URI=/nandoyii/index.php/member/indexregistration
HTTP_REFERER=http://localhost/nandoyii/
---
2017/03/26 19:18:05 [error] [exception.CHttpException.404] exception 'CHttpException' with message 'The system is unable to find the requested action "indexregistration".' in /var/www/html/yii/framework/web/CController.php:483
Stack trace:
#0 /var/www/html/yii/framework/web/CController.php(270): CController->missingAction('indexregistrati...')
#1 /var/www/html/yii/framework/web/CWebApplication.php(282): CController->run('indexregistrati...')
#2 /var/www/html/yii/framework/web/CWebApplication.php(141): CWebApplication->runController('member/indexreg...')
#3 /var/www/html/yii/framework/base/CApplication.php(185): CWebApplication->processRequest()
#4 /var/www/html/nandoyii/index.php(13): CApplication->run()
#5 {main}
REQUEST_URI=/nandoyii/index.php/member/indexregistration
HTTP_REFERER=http://localhost/nandoyii/index.php
---
2017/03/26 19:26:45 [error] [exception.CHttpException.404] exception 'CHttpException' with message 'The system is unable to find the requested action "indexregistration".' in /var/www/html/yii/framework/web/CController.php:483
Stack trace:
#0 /var/www/html/yii/framework/web/CController.php(270): CController->missingAction('indexregistrati...')
#1 /var/www/html/yii/framework/web/CWebApplication.php(282): CController->run('indexregistrati...')
#2 /var/www/html/yii/framework/web/CWebApplication.php(141): CWebApplication->runController('member/indexreg...')
#3 /var/www/html/yii/framework/base/CApplication.php(185): CWebApplication->processRequest()
#4 /var/www/html/nandoyii/index.php(13): CApplication->run()
#5 {main}
REQUEST_URI=/nandoyii/index.php/member/indexregistration
HTTP_REFERER=http://localhost/nandoyii/index.php
---
2017/03/26 19:28:58 [error] [exception.CHttpException.404] exception 'CHttpException' with message 'The system is unable to find the requested action "member".' in /var/www/html/yii/framework/web/CController.php:483
Stack trace:
#0 /var/www/html/yii/framework/web/CController.php(270): CController->missingAction('member')
#1 /var/www/html/yii/framework/web/CWebApplication.php(282): CController->run('member')
#2 /var/www/html/yii/framework/web/CWebApplication.php(141): CWebApplication->runController('site/member')
#3 /var/www/html/yii/framework/base/CApplication.php(185): CWebApplication->processRequest()
#4 /var/www/html/nandoyii/index.php(13): CApplication->run()
#5 {main}
REQUEST_URI=/nandoyii/index.php/site/member
---
2017/03/26 19:29:18 [error] [exception.CHttpException.403] exception 'CHttpException' with message 'You are not authorized to perform this action.' in /var/www/html/yii/framework/web/auth/CAccessControlFilter.php:182
Stack trace:
#0 /var/www/html/yii/framework/web/auth/CAccessControlFilter.php(145): CAccessControlFilter->accessDenied(Object(CWebUser), 'You are not aut...')
#1 /var/www/html/yii/framework/web/filters/CFilter.php(38): CAccessControlFilter->preFilter(Object(CFilterChain))
#2 /var/www/html/yii/framework/web/CController.php(1145): CFilter->filter(Object(CFilterChain))
#3 /var/www/html/yii/framework/web/filters/CInlineFilter.php(58): CController->filterAccessControl(Object(CFilterChain))
#4 /var/www/html/yii/framework/web/filters/CFilterChain.php(130): CInlineFilter->filter(Object(CFilterChain))
#5 /var/www/html/yii/framework/web/CController.php(291): CFilterChain->run()
#6 /var/www/html/yii/framework/web/CController.php(265): CController->runActionWithFilters(Object(CInlineAction), Array)
#7 /var/www/html/yii/framework/web/CWebApplication.php(282): CController->run('create')
#8 /var/www/html/yii/framework/web/CWebApplication.php(141): CWebApplication->runController('member/create')
#9 /var/www/html/yii/framework/base/CApplication.php(185): CWebApplication->processRequest()
#10 /var/www/html/nandoyii/index.php(13): CApplication->run()
#11 {main}
REQUEST_URI=/nandoyii/index.php/member/create
HTTP_REFERER=http://localhost/nandoyii/index.php/member
---
2017/03/26 19:30:23 [error] [exception.CHttpException.403] exception 'CHttpException' with message 'You are not authorized to perform this action.' in /var/www/html/yii/framework/web/auth/CAccessControlFilter.php:182
Stack trace:
#0 /var/www/html/yii/framework/web/auth/CAccessControlFilter.php(145): CAccessControlFilter->accessDenied(Object(CWebUser), 'You are not aut...')
#1 /var/www/html/yii/framework/web/filters/CFilter.php(38): CAccessControlFilter->preFilter(Object(CFilterChain))
#2 /var/www/html/yii/framework/web/CController.php(1145): CFilter->filter(Object(CFilterChain))
#3 /var/www/html/yii/framework/web/filters/CInlineFilter.php(58): CController->filterAccessControl(Object(CFilterChain))
#4 /var/www/html/yii/framework/web/filters/CFilterChain.php(130): CInlineFilter->filter(Object(CFilterChain))
#5 /var/www/html/yii/framework/web/CController.php(291): CFilterChain->run()
#6 /var/www/html/yii/framework/web/CController.php(265): CController->runActionWithFilters(Object(CInlineAction), Array)
#7 /var/www/html/yii/framework/web/CWebApplication.php(282): CController->run('admin')
#8 /var/www/html/yii/framework/web/CWebApplication.php(141): CWebApplication->runController('member/admin')
#9 /var/www/html/yii/framework/base/CApplication.php(185): CWebApplication->processRequest()
#10 /var/www/html/nandoyii/index.php(13): CApplication->run()
#11 {main}
REQUEST_URI=/nandoyii/index.php/member/admin
HTTP_REFERER=http://localhost/nandoyii/index.php/member
---
2017/03/26 19:46:50 [error] [exception.CHttpException.404] exception 'CHttpException' with message 'Unable to resolve the request "registration".' in /var/www/html/yii/framework/web/CWebApplication.php:286
Stack trace:
#0 /var/www/html/yii/framework/web/CWebApplication.php(141): CWebApplication->runController('registration')
#1 /var/www/html/yii/framework/base/CApplication.php(185): CWebApplication->processRequest()
#2 /var/www/html/nandoyii/index.php(13): CApplication->run()
#3 {main}
REQUEST_URI=/nandoyii/index.php/registration
---
2017/03/26 19:47:10 [error] [exception.CHttpException.403] exception 'CHttpException' with message 'You are not authorized to perform this action.' in /var/www/html/yii/framework/web/auth/CAccessControlFilter.php:182
Stack trace:
#0 /var/www/html/yii/framework/web/auth/CAccessControlFilter.php(145): CAccessControlFilter->accessDenied(Object(CWebUser), 'You are not aut...')
#1 /var/www/html/yii/framework/web/filters/CFilter.php(38): CAccessControlFilter->preFilter(Object(CFilterChain))
#2 /var/www/html/yii/framework/web/CController.php(1145): CFilter->filter(Object(CFilterChain))
#3 /var/www/html/yii/framework/web/filters/CInlineFilter.php(58): CController->filterAccessControl(Object(CFilterChain))
#4 /var/www/html/yii/framework/web/filters/CFilterChain.php(130): CInlineFilter->filter(Object(CFilterChain))
#5 /var/www/html/yii/framework/web/CController.php(291): CFilterChain->run()
#6 /var/www/html/yii/framework/web/CController.php(265): CController->runActionWithFilters(Object(CInlineAction), Array)
#7 /var/www/html/yii/framework/web/CWebApplication.php(282): CController->run('registration')
#8 /var/www/html/yii/framework/web/CWebApplication.php(141): CWebApplication->runController('member/registra...')
#9 /var/www/html/yii/framework/base/CApplication.php(185): CWebApplication->processRequest()
#10 /var/www/html/nandoyii/index.php(13): CApplication->run()
#11 {main}
REQUEST_URI=/nandoyii/index.php/member/registration
---
2017/03/26 19:47:48 [error] [exception.CHttpException.403] exception 'CHttpException' with message 'You are not authorized to perform this action.' in /var/www/html/yii/framework/web/auth/CAccessControlFilter.php:182
Stack trace:
#0 /var/www/html/yii/framework/web/auth/CAccessControlFilter.php(145): CAccessControlFilter->accessDenied(Object(CWebUser), 'You are not aut...')
#1 /var/www/html/yii/framework/web/filters/CFilter.php(38): CAccessControlFilter->preFilter(Object(CFilterChain))
#2 /var/www/html/yii/framework/web/CController.php(1145): CFilter->filter(Object(CFilterChain))
#3 /var/www/html/yii/framework/web/filters/CInlineFilter.php(58): CController->filterAccessControl(Object(CFilterChain))
#4 /var/www/html/yii/framework/web/filters/CFilterChain.php(130): CInlineFilter->filter(Object(CFilterChain))
#5 /var/www/html/yii/framework/web/CController.php(291): CFilterChain->run()
#6 /var/www/html/yii/framework/web/CController.php(265): CController->runActionWithFilters(Object(CInlineAction), Array)
#7 /var/www/html/yii/framework/web/CWebApplication.php(282): CController->run('registration')
#8 /var/www/html/yii/framework/web/CWebApplication.php(141): CWebApplication->runController('member/registra...')
#9 /var/www/html/yii/framework/base/CApplication.php(185): CWebApplication->processRequest()
#10 /var/www/html/nandoyii/index.php(13): CApplication->run()
#11 {main}
REQUEST_URI=/nandoyii/index.php/member/registration
---
2017/03/26 20:02:43 [error] [exception.CHttpException.404] exception 'CHttpException' with message 'The system is unable to find the requested action "registsuccess".' in /var/www/html/yii/framework/web/CController.php:483
Stack trace:
#0 /var/www/html/yii/framework/web/CController.php(270): CController->missingAction('registsuccess')
#1 /var/www/html/yii/framework/web/CWebApplication.php(282): CController->run('registsuccess')
#2 /var/www/html/yii/framework/web/CWebApplication.php(141): CWebApplication->runController('member/registsu...')
#3 /var/www/html/yii/framework/base/CApplication.php(185): CWebApplication->processRequest()
#4 /var/www/html/nandoyii/index.php(13): CApplication->run()
#5 {main}
REQUEST_URI=/nandoyii/index.php/member/registsuccess
HTTP_REFERER=http://localhost/nandoyii/index.php/member/update/3
---
2017/03/26 20:08:07 [error] [exception.CHttpException.404] exception 'CHttpException' with message 'The system is unable to find the requested action "registsuccess".' in /var/www/html/yii/framework/web/CController.php:483
Stack trace:
#0 /var/www/html/yii/framework/web/CController.php(270): CController->missingAction('registsuccess')
#1 /var/www/html/yii/framework/web/CWebApplication.php(282): CController->run('registsuccess')
#2 /var/www/html/yii/framework/web/CWebApplication.php(141): CWebApplication->runController('member/registsu...')
#3 /var/www/html/yii/framework/base/CApplication.php(185): CWebApplication->processRequest()
#4 /var/www/html/nandoyii/index.php(13): CApplication->run()
#5 {main}
REQUEST_URI=/nandoyii/index.php/member/registsuccess
HTTP_REFERER=http://localhost/nandoyii/index.php/member/update/2
---
2017/03/26 20:19:43 [error] [exception.CHttpException.403] exception 'CHttpException' with message 'You are not authorized to perform this action.' in /var/www/html/yii/framework/web/auth/CAccessControlFilter.php:182
Stack trace:
#0 /var/www/html/yii/framework/web/auth/CAccessControlFilter.php(145): CAccessControlFilter->accessDenied(Object(CWebUser), 'You are not aut...')
#1 /var/www/html/yii/framework/web/filters/CFilter.php(38): CAccessControlFilter->preFilter(Object(CFilterChain))
#2 /var/www/html/yii/framework/web/CController.php(1145): CFilter->filter(Object(CFilterChain))
#3 /var/www/html/yii/framework/web/filters/CInlineFilter.php(58): CController->filterAccessControl(Object(CFilterChain))
#4 /var/www/html/yii/framework/web/filters/CFilterChain.php(130): CInlineFilter->filter(Object(CFilterChain))
#5 /var/www/html/yii/framework/web/CController.php(291): CFilterChain->run()
#6 /var/www/html/yii/framework/web/CController.php(265): CController->runActionWithFilters(Object(CInlineAction), Array)
#7 /var/www/html/yii/framework/web/CWebApplication.php(282): CController->run('registsuccess')
#8 /var/www/html/yii/framework/web/CWebApplication.php(141): CWebApplication->runController('member/registsu...')
#9 /var/www/html/yii/framework/base/CApplication.php(185): CWebApplication->processRequest()
#10 /var/www/html/nandoyii/index.php(13): CApplication->run()
#11 {main}
REQUEST_URI=/nandoyii/index.php/member/registsuccess
HTTP_REFERER=http://localhost/nandoyii/index.php/member/update/2
---
2017/03/26 20:27:31 [error] [exception.CHttpException.404] exception 'CHttpException' with message 'The system is unable to find the requested action "registsuccessgyghbk".' in /var/www/html/yii/framework/web/CController.php:483
Stack trace:
#0 /var/www/html/yii/framework/web/CController.php(270): CController->missingAction('registsuccessgy...')
#1 /var/www/html/yii/framework/web/CWebApplication.php(282): CController->run('registsuccessgy...')
#2 /var/www/html/yii/framework/web/CWebApplication.php(141): CWebApplication->runController('member/registsu...')
#3 /var/www/html/yii/framework/base/CApplication.php(185): CWebApplication->processRequest()
#4 /var/www/html/nandoyii/index.php(13): CApplication->run()
#5 {main}
REQUEST_URI=/nandoyii/index.php/member/registsuccessgyghbk
---
